\BOOKMARK [1][-]{section.1}{Course Description}{}% 1
\BOOKMARK [1][-]{section.2}{Expected Learning Outcomes and Objectives}{}% 2
\BOOKMARK [1][-]{section.3}{Responsibilities of the Student}{}% 3
\BOOKMARK [2][-]{subsection.3.1}{Class Time and Location}{section.3}% 4
\BOOKMARK [2][-]{subsection.3.2}{Instructor}{section.3}% 5
\BOOKMARK [2][-]{subsection.3.3}{Recommended Texts}{section.3}% 6
\BOOKMARK [1][-]{section.4}{Mode of Instruction}{}% 7
\BOOKMARK [1][-]{section.5}{Contingency Statement}{}% 8
\BOOKMARK [1][-]{section.6}{Course Materials}{}% 9
\BOOKMARK [1][-]{section.7}{Attendance Policy}{}% 10
\BOOKMARK [1][-]{section.8}{Course Assessment}{}% 11
\BOOKMARK [2][-]{subsection.8.1}{Participation and Engagement}{section.8}% 12
\BOOKMARK [2][-]{subsection.8.2}{Lab journal}{section.8}% 13
\BOOKMARK [2][-]{subsection.8.3}{Final report}{section.8}% 14
\BOOKMARK [1][-]{section.9}{Grading}{}% 15
\BOOKMARK [1][-]{section.10}{Grading Scale}{}% 16
\BOOKMARK [1][-]{section.11}{Missing In-class Activities}{}% 17
\BOOKMARK [2][-]{subsection.11.1}{Illness Based Absence Policy}{section.11}% 18
\BOOKMARK [1][-]{section.12}{COVID-19 Statement}{}% 19
\BOOKMARK [1][-]{section.13}{Special Considerations}{}% 20
\BOOKMARK [2][-]{subsection.13.1}{ADA Statement}{section.13}% 21
\BOOKMARK [2][-]{subsection.13.2}{Religious Holy Days}{section.13}% 22
\BOOKMARK [1][-]{section.14}{TTU Resources for Discrimination, Harassment, and Sexual Violence}{}% 23
\BOOKMARK [1][-]{section.15}{Student Support Statement}{}% 24
\BOOKMARK [1][-]{section.16}{Classroom Civility}{}% 25
\BOOKMARK [1][-]{section.17}{Academic Integrity}{}% 26
\BOOKMARK [1][-]{section.18}{Plagiarism Statement}{}% 27
\BOOKMARK [1][-]{section.19}{Statement about Food Insecurity}{}% 28
\BOOKMARK [1][-]{section.20}{Creating Livable Futures}{}% 29
